Using pre-set license
Built from '2020.3/release' branch; Version is '2020.3.2f1 (8fd9074bf66c) revision 9427207'; Using compiler version '192528614'; Build Type 'Release'
OS: 'Windows 10 Pro; OS build 19042.867; Version 2009; 64bit' Language: 'ko' Physical Memory: 7869 MB
BatchMode: 1, IsHumanControllingUs: 0, StartBugReporterOnCrash: 0, Is64bit: 1, IsPro: 0

 COMMAND LINE ARGUMENTS:
C:\Program Files\Unity\Hub\Editor\2020.3.2f1\Editor\Unity.exe
-adb2
-batchMode
-noUpm
-name
AssetImportWorker0
-projectPath
C:/Users/FX516/Documents/GitHub/Kukudas2/Kukudas2
-logFile
Logs/AssetImportWorker0.log
-srvPort
63493
Successfully changed project path to: C:/Users/FX516/Documents/GitHub/Kukudas2/Kukudas2
C:/Users/FX516/Documents/GitHub/Kukudas2/Kukudas2
Using Asset Import Pipeline V2.
Refreshing native plugins compatible for Editor in 44.11 ms, found 0 plugins.
Preloading 0 native plugins for Editor in 0.00 ms.
Initialize engine version: 2020.3.2f1 (8fd9074bf66c)
[Subsystems] Discovering subsystems at path C:/Program Files/Unity/Hub/Editor/2020.3.2f1/Editor/Data/Resources/UnitySubsystems
[Subsystems] Discovering subsystems at path C:/Users/FX516/Documents/GitHub/Kukudas2/Kukudas2/Assets
GfxDevice: creating device client; threaded=0
Direct3D:
    Version:  Direct3D 11.0 [level 11.1]
    Renderer: NVIDIA GeForce RTX 3060 Laptop GPU (ID=0x2520)
    Vendor:   
    VRAM:     6023 MB
    Driver:   27.21.14.6192
Initialize mono
Mono path[0] = 'C:/Program Files/Unity/Hub/Editor/2020.3.2f1/Editor/Data/Managed'
Mono path[1] = 'C:/Program Files/Unity/Hub/Editor/2020.3.2f1/Editor/Data/MonoBleedingEdge/lib/mono/unityjit'
Mono config path = 'C:/Program Files/Unity/Hub/Editor/2020.3.2f1/Editor/Data/MonoBleedingEdge/etc'
Using monoOptions --debugger-agent=transport=dt_socket,embedding=1,server=y,suspend=n,address=127.0.0.1:56812
Begin MonoManager ReloadAssembly
Registering precompiled unity dll's ...
Register platform support module: C:/Program Files/Unity/Hub/Editor/2020.3.2f1/Editor/Data/PlaybackEngines/WindowsStandaloneSupport/UnityEditor.WindowsStandalone.Extensions.dll
Registered in 0.001554 seconds.
Native extension for WindowsStandalone target not found
Refreshing native plugins compatible for Editor in 36.74 ms, found 0 plugins.
Preloading 0 native plugins for Editor in 0.00 ms.
Invoked RoslynAnalysisRunner static constructor.
RoslynAnalysisRunner will not be running.
RoslynAnalysisRunner has terminated.
Mono: successfully reloaded assembly
- Completed reload, in  2.261 seconds
Platform modules already initialized, skipping
Registering precompiled user dll's ...
Registered in 0.000739 seconds.
Begin MonoManager ReloadAssembly
Native extension for WindowsStandalone target not found
Refreshing native plugins compatible for Editor in 0.37 ms, found 0 plugins.
Preloading 0 native plugins for Editor in 0.00 ms.
Invoked RoslynAnalysisRunner static constructor.
RoslynAnalysisRunner will not be running.
RoslynAnalysisRunner has terminated.
Mono: successfully reloaded assembly
- Completed reload, in  0.847 seconds
Platform modules already initialized, skipping
========================================================================
Worker process is ready to serve import requests
Launched and connected shader compiler UnityShaderCompiler.exe after 0.05 seconds
Refreshing native plugins compatible for Editor in 0.58 ms, found 0 plugins.
Preloading 0 native plugins for Editor in 0.00 ms.
Unloading 1535 Unused Serialized files (Serialized files now loaded: 0)
System memory in use before: 74.6 MB.
System memory in use after: 74.7 MB.

Unloading 13 unused Assets to reduce memory usage. Loaded Objects now: 1977.
Total: 4.212600 ms (FindLiveObjects: 0.399300 ms CreateObjectMapping: 0.089600 ms MarkObjects: 3.505300 ms  DeleteObjects: 0.216200 ms)

========================================================================
Received Import Request.
  path: Assets/OJH/01.Scenes
  artifactKey: Guid(8bfdc227399ac1449b64f3b1bd12563b) Importer(815301076,1909f56bfc062723c751e8b465ee728b)
Start importing Assets/OJH/01.Scenes using Guid(8bfdc227399ac1449b64f3b1bd12563b) Importer(815301076,1909f56bfc062723c751e8b465ee728b)  -> (artifact id: '04b6066dc95eb986d465010f452597ea') in 0.015904 seconds
  Import took 0.020653 seconds .

========================================================================
Received Import Request.
  Time since last request: 0.000420 seconds.
  path: Assets/OJH
  artifactKey: Guid(901d0b91ac1931245a3df448f0b1dd6a) Importer(815301076,1909f56bfc062723c751e8b465ee728b)
Start importing Assets/OJH using Guid(901d0b91ac1931245a3df448f0b1dd6a) Importer(815301076,1909f56bfc062723c751e8b465ee728b)  -> (artifact id: 'a89992d2394acee69a01b938f72e7d78') in 0.014684 seconds
  Import took 0.019428 seconds .

========================================================================
Received Import Request.
  Time since last request: 0.000395 seconds.
  path: Assets/OJH/01.Scenes/OJH_GroundScene.unity
  artifactKey: Guid(190f0ab71c9a6554b9a999567066b407) Importer(815301076,1909f56bfc062723c751e8b465ee728b)
Start importing Assets/OJH/01.Scenes/OJH_GroundScene.unity using Guid(190f0ab71c9a6554b9a999567066b407) Importer(815301076,1909f56bfc062723c751e8b465ee728b)  -> (artifact id: 'f1ee04d82776a214b63c828c9b2eca74') in 0.025598 seconds
  Import took 0.030368 seconds .

========================================================================
Received Import Request.
  Time since last request: 0.271561 seconds.
  path: Assets/OJH/01.Scenes/OJH_GroundScene.unity
  artifactKey: Guid(190f0ab71c9a6554b9a999567066b407) Importer(815301076,1909f56bfc062723c751e8b465ee728b)
Start importing Assets/OJH/01.Scenes/OJH_GroundScene.unity using Guid(190f0ab71c9a6554b9a999567066b407) Importer(815301076,1909f56bfc062723c751e8b465ee728b)  -> (artifact id: 'f1ee04d82776a214b63c828c9b2eca74') in 0.003040 seconds
  Import took 0.008116 seconds .

AssetImportWorkerClient::OnTransportError - code=2 error=End of file
